C:\Program Files (x86)\MSBuild\Microsoft.Cpp\v4.0\V140\Microsoft.CppBuild.targets(392,5): warning MSB8028: The intermediate directory (Debug\) contains files shared from another project (PROJECT.vcxproj, smlfirsttry.vcxproj).  This can lead to incorrect clean and rebuild behavior.
  Unit.cpp
c:\users\lenovo\documents\visual studio 2015\projects\gamex\smlfirsttry\unit.cpp(22): warning C4244: аргумент: преобразование "int" в "float", возможна потеря данных
c:\users\lenovo\documents\visual studio 2015\projects\gamex\smlfirsttry\unit.cpp(55): warning C4244: инициализация: преобразование "float" в "int", возможна потеря данных
c:\users\lenovo\documents\visual studio 2015\projects\gamex\smlfirsttry\unit.cpp(57): warning C4244: инициализация: преобразование "float" в "int", возможна потеря данных
c:\users\lenovo\documents\visual studio 2015\projects\gamex\smlfirsttry\unit.cpp(68): warning C4244: =: преобразование "int" в "float", возможна потеря данных
c:\users\lenovo\documents\visual studio 2015\projects\gamex\smlfirsttry\unit.cpp(75): warning C4244: инициализация: преобразование "float" в "int", возможна потеря данных
c:\users\lenovo\documents\visual studio 2015\projects\gamex\smlfirsttry\unit.cpp(77): warning C4244: инициализация: преобразование "float" в "int", возможна потеря данных
c:\users\lenovo\documents\visual studio 2015\projects\gamex\smlfirsttry\unit.cpp(88): warning C4244: =: преобразование "int" в "float", возможна потеря данных
  StoneBlock.cpp
  MapCell.cpp
  Map.cpp
  Создание кода...
  Компиляция...
  main.cpp
c:\users\lenovo\documents\visual studio 2015\projects\gamex\smlfirsttry\main.cpp(28): warning C4244: инициализация: преобразование "sf::Int64" в "float", возможна потеря данных
c:\users\lenovo\documents\visual studio 2015\projects\gamex\smlfirsttry\main.cpp(58): warning C4244: аргумент: преобразование "const int" в "float", возможна потеря данных
c:\users\lenovo\documents\visual studio 2015\projects\gamex\smlfirsttry\main.cpp(59): warning C4244: аргумент: преобразование "int" в "float", возможна потеря данных
  ResourseBlock.cpp
  MapObject.cpp
  Container.cpp
  Создание кода...
  Пропуск... (изменения не обнаружены)
  GraphEdge.cpp
  BasicAction.cpp
  Action.cpp
  smlfirsttry.vcxproj -> C:\Users\Lenovo\Documents\Visual Studio 2015\Projects\GameX\Debug\GameX.exe
  smlfirsttry.vcxproj -> C:\Users\Lenovo\Documents\Visual Studio 2015\Projects\GameX\Debug\GameX.pdb (Partial PDB)
